<?xml version="1.0" encoding="UTF-8"?>
<!-- Generated by org.testng.reporters.JUnitReportReporter -->
<testsuite name="com.thomson.od.RolesBasedTestcases.LoginTest" tests="1" time="0.007" ignored="0" failures="0" timestamp="17 Dec 2020 16:38:45 GMT" skipped="0" hostname="USE2DEVP0323" errors="0">
  <testcase name="test" time="0.007" classname="com.thomson.od.RolesBasedTestcases.LoginTest"/>
</testsuite> <!-- com.thomson.od.RolesBasedTestcases.LoginTest -->
